<?xml version="1.0" encoding="UTF-8"?>
<testng-results ignored="0" total="1" passed="1" failed="0" skipped="0">
  <reporter-output>
  </reporter-output>
  <suite started-at="2020-04-24T03:51:09Z" name="FirstTest" finished-at="2020-04-24T03:54:32Z" duration-ms="203584">
    <groups>
    </groups>
    <test started-at="2020-04-24T03:51:09Z" name="Command line test" finished-at="2020-04-24T03:54:32Z" duration-ms="203584">
      <class name="FirstTest">
        <test-method signature="setupTest()[pri:0, instance:FirstTest@77ec78b9]" started-at="2020-04-24T03:51:09Z" name="setupTest" finished-at="2020-04-24T03:54:32Z" duration-ms="203565" status="PASS">
          <reporter-output>
          </reporter-output>
        </test-method> <!-- setupTest -->
      </class> <!-- FirstTest -->
    </test> <!-- Command line test -->
  </suite> <!-- FirstTest -->
</testng-results>
